<?xml version="1.0" encoding="UTF-8"?>
<testsuite xmlns:xsi="http://www.w3.org/2001/XMLSchema-instance" xsi:noNamespaceSchemaLocation="https://maven.apache.org/surefire/maven-surefire-plugin/xsd/surefire-test-report-3.0.xsd" version="3.0" name="com.bootcamp.assignment1.Assignment1ApplicationTests" time="0.972" tests="1" errors="0" skipped="0" failures="0">
  <properties>
    <property name="java.specification.version" value="22"/>
    <property name="sun.jnu.encoding" value="UTF-8"/>
    <property name="java.class.path" value="/Users/shaikmohammedghousebasha/Documents/Bootcamp/assignment1/target/test-classes:/Users/shaikmohammedghousebasha/Documents/Bootcamp/assignment1/target/classes:/Users/shaikmohammedghousebasha/.m2/repository/org/springframework/boot/spring-boot-starter-web/3.3.1/spring-boot-starter-web-3.3.1.jar:/Users/shaikmohammedghousebasha/.m2/repository/org/springframework/boot/spring-boot-starter/3.3.1/spring-boot-starter-3.3.1.jar:/Users/shaikmohammedghousebasha/.m2/repository/org/springframework/boot/spring-boot-starter-logging/3.3.1/spring-boot-starter-logging-3.3.1.jar:/Users/shaikmohammedghousebasha/.m2/repository/ch/qos/logback/logback-classic/1.5.6/logback-classic-1.5.6.jar:/Users/shaikmohammedghousebasha/.m2/repository/ch/qos/logback/logback-core/1.5.6/logback-core-1.5.6.jar:/Users/shaikmohammedghousebasha/.m2/repository/org/apache/logging/log4j/log4j-to-slf4j/2.23.1/log4j-to-slf4j-2.23.1.jar:/Users/shaikmohammedghousebasha/.m2/repository/org/apache/logging/log4j/log4j-api/2.23.1/log4j-api-2.23.1.jar:/Users/shaikmohammedghousebasha/.m2/repository/org/slf4j/jul-to-slf4j/2.0.13/jul-to-slf4j-2.0.13.jar:/Users/shaikmohammedghousebasha/.m2/repository/jakarta/annotation/jakarta.annotation-api/2.1.1/jakarta.annotation-api-2.1.1.jar:/Users/shaikmohammedghousebasha/.m2/repository/org/yaml/snakeyaml/2.2/snakeyaml-2.2.jar:/Users/shaikmohammedghousebasha/.m2/repository/org/springframework/boot/spring-boot-starter-json/3.3.1/spring-boot-starter-json-3.3.1.jar:/Users/shaikmohammedghousebasha/.m2/repository/com/fasterxml/jackson/datatype/jackson-datatype-jdk8/2.17.1/jackson-datatype-jdk8-2.17.1.jar:/Users/shaikmohammedghousebasha/.m2/repository/com/fasterxml/jackson/datatype/jackson-datatype-jsr310/2.17.1/jackson-datatype-jsr310-2.17.1.jar:/Users/shaikmohammedghousebasha/.m2/repository/com/fasterxml/jackson/module/jackson-module-parameter-names/2.17.1/jackson-module-parameter-names-2.17.1.jar:/Users/shaikmohammedghousebasha/.m2/repository/org/springframework/boot/spring-boot-starter-tomcat/3.3.1/spring-boot-starter-tomcat-3.3.1.jar:/Users/shaikmohammedghousebasha/.m2/repository/org/apache/tomcat/embed/tomcat-embed-core/10.1.25/tomcat-embed-core-10.1.25.jar:/Users/shaikmohammedghousebasha/.m2/repository/org/apache/tomcat/embed/tomcat-embed-el/10.1.25/tomcat-embed-el-10.1.25.jar:/Users/shaikmohammedghousebasha/.m2/repository/org/apache/tomcat/embed/tomcat-embed-websocket/10.1.25/tomcat-embed-websocket-10.1.25.jar:/Users/shaikmohammedghousebasha/.m2/repository/org/springframework/spring-web/6.1.10/spring-web-6.1.10.jar:/Users/shaikmohammedghousebasha/.m2/repository/org/springframework/spring-beans/6.1.10/spring-beans-6.1.10.jar:/Users/shaikmohammedghousebasha/.m2/repository/io/micrometer/micrometer-observation/1.13.1/micrometer-observation-1.13.1.jar:/Users/shaikmohammedghousebasha/.m2/repository/io/micrometer/micrometer-commons/1.13.1/micrometer-commons-1.13.1.jar:/Users/shaikmohammedghousebasha/.m2/repository/org/springframework/spring-webmvc/6.1.10/spring-webmvc-6.1.10.jar:/Users/shaikmohammedghousebasha/.m2/repository/org/springframework/spring-aop/6.1.10/spring-aop-6.1.10.jar:/Users/shaikmohammedghousebasha/.m2/repository/org/springframework/spring-expression/6.1.10/spring-expression-6.1.10.jar:/Users/shaikmohammedghousebasha/.m2/repository/com/fasterxml/jackson/module/jackson-module-kotlin/2.17.1/jackson-module-kotlin-2.17.1.jar:/Users/shaikmohammedghousebasha/.m2/repository/com/fasterxml/jackson/core/jackson-databind/2.17.1/jackson-databind-2.17.1.jar:/Users/shaikmohammedghousebasha/.m2/repository/com/fasterxml/jackson/core/jackson-core/2.17.1/jackson-core-2.17.1.jar:/Users/shaikmohammedghousebasha/.m2/repository/com/fasterxml/jackson/core/jackson-annotations/2.17.1/jackson-annotations-2.17.1.jar:/Users/shaikmohammedghousebasha/.m2/repository/org/jetbrains/kotlin/kotlin-reflect/1.9.24/kotlin-reflect-1.9.24.jar:/Users/shaikmohammedghousebasha/.m2/repository/org/jetbrains/kotlin/kotlin-stdlib/1.9.24/kotlin-stdlib-1.9.24.jar:/Users/shaikmohammedghousebasha/.m2/repository/org/jetbrains/annotations/13.0/annotations-13.0.jar:/Users/shaikmohammedghousebasha/.m2/repository/org/springframework/boot/spring-boot-devtools/3.3.1/spring-boot-devtools-3.3.1.jar:/Users/shaikmohammedghousebasha/.m2/repository/org/springframework/boot/spring-boot/3.3.1/spring-boot-3.3.1.jar:/Users/shaikmohammedghousebasha/.m2/repository/org/springframework/boot/spring-boot-autoconfigure/3.3.1/spring-boot-autoconfigure-3.3.1.jar:/Users/shaikmohammedghousebasha/.m2/repository/org/springframework/boot/spring-boot-starter-test/3.3.1/spring-boot-starter-test-3.3.1.jar:/Users/shaikmohammedghousebasha/.m2/repository/org/springframework/boot/spring-boot-test/3.3.1/spring-boot-test-3.3.1.jar:/Users/shaikmohammedghousebasha/.m2/repository/org/springframework/boot/spring-boot-test-autoconfigure/3.3.1/spring-boot-test-autoconfigure-3.3.1.jar:/Users/shaikmohammedghousebasha/.m2/repository/com/jayway/jsonpath/json-path/2.9.0/json-path-2.9.0.jar:/Users/shaikmohammedghousebasha/.m2/repository/org/slf4j/slf4j-api/2.0.13/slf4j-api-2.0.13.jar:/Users/shaikmohammedghousebasha/.m2/repository/jakarta/xml/bind/jakarta.xml.bind-api/4.0.2/jakarta.xml.bind-api-4.0.2.jar:/Users/shaikmohammedghousebasha/.m2/repository/jakarta/activation/jakarta.activation-api/2.1.3/jakarta.activation-api-2.1.3.jar:/Users/shaikmohammedghousebasha/.m2/repository/net/minidev/json-smart/2.5.1/json-smart-2.5.1.jar:/Users/shaikmohammedghousebasha/.m2/repository/net/minidev/accessors-smart/2.5.1/accessors-smart-2.5.1.jar:/Users/shaikmohammedghousebasha/.m2/repository/org/ow2/asm/asm/9.6/asm-9.6.jar:/Users/shaikmohammedghousebasha/.m2/repository/org/assertj/assertj-core/3.25.3/assertj-core-3.25.3.jar:/Users/shaikmohammedghousebasha/.m2/repository/net/bytebuddy/byte-buddy/1.14.17/byte-buddy-1.14.17.jar:/Users/shaikmohammedghousebasha/.m2/repository/org/awaitility/awaitility/4.2.1/awaitility-4.2.1.jar:/Users/shaikmohammedghousebasha/.m2/repository/org/hamcrest/hamcrest/2.2/hamcrest-2.2.jar:/Users/shaikmohammedghousebasha/.m2/repository/org/junit/jupiter/junit-jupiter/5.10.2/junit-jupiter-5.10.2.jar:/Users/shaikmohammedghousebasha/.m2/repository/org/junit/jupiter/junit-jupiter-params/5.10.2/junit-jupiter-params-5.10.2.jar:/Users/shaikmohammedghousebasha/.m2/repository/org/mockito/mockito-core/5.11.0/mockito-core-5.11.0.jar:/Users/shaikmohammedghousebasha/.m2/repository/net/bytebuddy/byte-buddy-agent/1.14.17/byte-buddy-agent-1.14.17.jar:/Users/shaikmohammedghousebasha/.m2/repository/org/objenesis/objenesis/3.3/objenesis-3.3.jar:/Users/shaikmohammedghousebasha/.m2/repository/org/mockito/mockito-junit-jupiter/5.11.0/mockito-junit-jupiter-5.11.0.jar:/Users/shaikmohammedghousebasha/.m2/repository/org/skyscreamer/jsonassert/1.5.1/jsonassert-1.5.1.jar:/Users/shaikmohammedghousebasha/.m2/repository/com/vaadin/external/google/android-json/0.0.20131108.vaadin1/android-json-0.0.20131108.vaadin1.jar:/Users/shaikmohammedghousebasha/.m2/repository/org/springframework/spring-core/6.1.10/spring-core-6.1.10.jar:/Users/shaikmohammedghousebasha/.m2/repository/org/springframework/spring-jcl/6.1.10/spring-jcl-6.1.10.jar:/Users/shaikmohammedghousebasha/.m2/repository/org/springframework/spring-test/6.1.10/spring-test-6.1.10.jar:/Users/shaikmohammedghousebasha/.m2/repository/org/xmlunit/xmlunit-core/2.9.1/xmlunit-core-2.9.1.jar:/Users/shaikmohammedghousebasha/.m2/repository/org/jetbrains/kotlin/kotlin-test-junit5/1.9.24/kotlin-test-junit5-1.9.24.jar:/Users/shaikmohammedghousebasha/.m2/repository/org/jetbrains/kotlin/kotlin-test/1.9.24/kotlin-test-1.9.24.jar:/Users/shaikmohammedghousebasha/.m2/repository/org/junit/jupiter/junit-jupiter-api/5.10.2/junit-jupiter-api-5.10.2.jar:/Users/shaikmohammedghousebasha/.m2/repository/org/opentest4j/opentest4j/1.3.0/opentest4j-1.3.0.jar:/Users/shaikmohammedghousebasha/.m2/repository/org/junit/platform/junit-platform-commons/1.10.2/junit-platform-commons-1.10.2.jar:/Users/shaikmohammedghousebasha/.m2/repository/org/apiguardian/apiguardian-api/1.1.2/apiguardian-api-1.1.2.jar:/Users/shaikmohammedghousebasha/.m2/repository/org/junit/jupiter/junit-jupiter-engine/5.10.2/junit-jupiter-engine-5.10.2.jar:/Users/shaikmohammedghousebasha/.m2/repository/org/junit/platform/junit-platform-engine/1.10.2/junit-platform-engine-1.10.2.jar:/Users/shaikmohammedghousebasha/.m2/repository/com/ninja-squad/springmockk/3.1.1/springmockk-3.1.1.jar:/Users/shaikmohammedghousebasha/.m2/repository/io/mockk/mockk/1.12.1/mockk-1.12.1.jar:/Users/shaikmohammedghousebasha/.m2/repository/io/mockk/mockk-dsl-jvm/1.12.1/mockk-dsl-jvm-1.12.1.jar:/Users/shaikmohammedghousebasha/.m2/repository/io/mockk/mockk-dsl/1.12.1/mockk-dsl-1.12.1.jar:/Users/shaikmohammedghousebasha/.m2/repository/io/mockk/mockk-common/1.12.1/mockk-common-1.12.1.jar:/Users/shaikmohammedghousebasha/.m2/repository/io/mockk/mockk-agent-jvm/1.12.1/mockk-agent-jvm-1.12.1.jar:/Users/shaikmohammedghousebasha/.m2/repository/io/mockk/mockk-agent-api/1.12.1/mockk-agent-api-1.12.1.jar:/Users/shaikmohammedghousebasha/.m2/repository/io/mockk/mockk-agent-common/1.12.1/mockk-agent-common-1.12.1.jar:/Users/shaikmohammedghousebasha/.m2/repository/org/jetbrains/kotlin/kotlin-stdlib-jdk8/1.9.24/kotlin-stdlib-jdk8-1.9.24.jar:/Users/shaikmohammedghousebasha/.m2/repository/org/jetbrains/kotlin/kotlin-stdlib-jdk7/1.9.24/kotlin-stdlib-jdk7-1.9.24.jar:/Users/shaikmohammedghousebasha/.m2/repository/org/springframework/spring-context/6.1.10/spring-context-6.1.10.jar:"/>
    <property name="java.vm.vendor" value="Oracle Corporation"/>
    <property name="sun.arch.data.model" value="64"/>
    <property name="java.vendor.url" value="https://java.oracle.com/"/>
    <property name="user.timezone" value="Asia/Kolkata"/>
    <property name="os.name" value="Mac OS X"/>
    <property name="java.vm.specification.version" value="22"/>
    <property name="sun.java.launcher" value="SUN_STANDARD"/>
    <property name="user.country" value="IN"/>
    <property name="sun.boot.library.path" value="/Users/shaikmohammedghousebasha/Library/Java/JavaVirtualMachines/openjdk-22.0.1/Contents/Home/lib"/>
    <property name="sun.java.command" value="/Users/shaikmohammedghousebasha/Documents/Bootcamp/assignment1/target/surefire/surefirebooter-20240711184130344_3.jar /Users/shaikmohammedghousebasha/Documents/Bootcamp/assignment1/target/surefire 2024-07-11T18-41-30_306-jvmRun1 surefire-20240711184130344_1tmp surefire_0-20240711184130344_2tmp"/>
    <property name="http.nonProxyHosts" value="local|*.local|169.254/16|*.169.254/16"/>
    <property name="jdk.debug" value="release"/>
    <property name="surefire.test.class.path" value="/Users/shaikmohammedghousebasha/Documents/Bootcamp/assignment1/target/test-classes:/Users/shaikmohammedghousebasha/Documents/Bootcamp/assignment1/target/classes:/Users/shaikmohammedghousebasha/.m2/repository/org/springframework/boot/spring-boot-starter-web/3.3.1/spring-boot-starter-web-3.3.1.jar:/Users/shaikmohammedghousebasha/.m2/repository/org/springframework/boot/spring-boot-starter/3.3.1/spring-boot-starter-3.3.1.jar:/Users/shaikmohammedghousebasha/.m2/repository/org/springframework/boot/spring-boot-starter-logging/3.3.1/spring-boot-starter-logging-3.3.1.jar:/Users/shaikmohammedghousebasha/.m2/repository/ch/qos/logback/logback-classic/1.5.6/logback-classic-1.5.6.jar:/Users/shaikmohammedghousebasha/.m2/repository/ch/qos/logback/logback-core/1.5.6/logback-core-1.5.6.jar:/Users/shaikmohammedghousebasha/.m2/repository/org/apache/logging/log4j/log4j-to-slf4j/2.23.1/log4j-to-slf4j-2.23.1.jar:/Users/shaikmohammedghousebasha/.m2/repository/org/apache/logging/log4j/log4j-api/2.23.1/log4j-api-2.23.1.jar:/Users/shaikmohammedghousebasha/.m2/repository/org/slf4j/jul-to-slf4j/2.0.13/jul-to-slf4j-2.0.13.jar:/Users/shaikmohammedghousebasha/.m2/repository/jakarta/annotation/jakarta.annotation-api/2.1.1/jakarta.annotation-api-2.1.1.jar:/Users/shaikmohammedghousebasha/.m2/repository/org/yaml/snakeyaml/2.2/snakeyaml-2.2.jar:/Users/shaikmohammedghousebasha/.m2/repository/org/springframework/boot/spring-boot-starter-json/3.3.1/spring-boot-starter-json-3.3.1.jar:/Users/shaikmohammedghousebasha/.m2/repository/com/fasterxml/jackson/datatype/jackson-datatype-jdk8/2.17.1/jackson-datatype-jdk8-2.17.1.jar:/Users/shaikmohammedghousebasha/.m2/repository/com/fasterxml/jackson/datatype/jackson-datatype-jsr310/2.17.1/jackson-datatype-jsr310-2.17.1.jar:/Users/shaikmohammedghousebasha/.m2/repository/com/fasterxml/jackson/module/jackson-module-parameter-names/2.17.1/jackson-module-parameter-names-2.17.1.jar:/Users/shaikmohammedghousebasha/.m2/repository/org/springframework/boot/spring-boot-starter-tomcat/3.3.1/spring-boot-starter-tomcat-3.3.1.jar:/Users/shaikmohammedghousebasha/.m2/repository/org/apache/tomcat/embed/tomcat-embed-core/10.1.25/tomcat-embed-core-10.1.25.jar:/Users/shaikmohammedghousebasha/.m2/repository/org/apache/tomcat/embed/tomcat-embed-el/10.1.25/tomcat-embed-el-10.1.25.jar:/Users/shaikmohammedghousebasha/.m2/repository/org/apache/tomcat/embed/tomcat-embed-websocket/10.1.25/tomcat-embed-websocket-10.1.25.jar:/Users/shaikmohammedghousebasha/.m2/repository/org/springframework/spring-web/6.1.10/spring-web-6.1.10.jar:/Users/shaikmohammedghousebasha/.m2/repository/org/springframework/spring-beans/6.1.10/spring-beans-6.1.10.jar:/Users/shaikmohammedghousebasha/.m2/repository/io/micrometer/micrometer-observation/1.13.1/micrometer-observation-1.13.1.jar:/Users/shaikmohammedghousebasha/.m2/repository/io/micrometer/micrometer-commons/1.13.1/micrometer-commons-1.13.1.jar:/Users/shaikmohammedghousebasha/.m2/repository/org/springframework/spring-webmvc/6.1.10/spring-webmvc-6.1.10.jar:/Users/shaikmohammedghousebasha/.m2/repository/org/springframework/spring-aop/6.1.10/spring-aop-6.1.10.jar:/Users/shaikmohammedghousebasha/.m2/repository/org/springframework/spring-expression/6.1.10/spring-expression-6.1.10.jar:/Users/shaikmohammedghousebasha/.m2/repository/com/fasterxml/jackson/module/jackson-module-kotlin/2.17.1/jackson-module-kotlin-2.17.1.jar:/Users/shaikmohammedghousebasha/.m2/repository/com/fasterxml/jackson/core/jackson-databind/2.17.1/jackson-databind-2.17.1.jar:/Users/shaikmohammedghousebasha/.m2/repository/com/fasterxml/jackson/core/jackson-core/2.17.1/jackson-core-2.17.1.jar:/Users/shaikmohammedghousebasha/.m2/repository/com/fasterxml/jackson/core/jackson-annotations/2.17.1/jackson-annotations-2.17.1.jar:/Users/shaikmohammedghousebasha/.m2/repository/org/jetbrains/kotlin/kotlin-reflect/1.9.24/kotlin-reflect-1.9.24.jar:/Users/shaikmohammedghousebasha/.m2/repository/org/jetbrains/kotlin/kotlin-stdlib/1.9.24/kotlin-stdlib-1.9.24.jar:/Users/shaikmohammedghousebasha/.m2/repository/org/jetbrains/annotations/13.0/annotations-13.0.jar:/Users/shaikmohammedghousebasha/.m2/repository/org/springframework/boot/spring-boot-devtools/3.3.1/spring-boot-devtools-3.3.1.jar:/Users/shaikmohammedghousebasha/.m2/repository/org/springframework/boot/spring-boot/3.3.1/spring-boot-3.3.1.jar:/Users/shaikmohammedghousebasha/.m2/repository/org/springframework/boot/spring-boot-autoconfigure/3.3.1/spring-boot-autoconfigure-3.3.1.jar:/Users/shaikmohammedghousebasha/.m2/repository/org/springframework/boot/spring-boot-starter-test/3.3.1/spring-boot-starter-test-3.3.1.jar:/Users/shaikmohammedghousebasha/.m2/repository/org/springframework/boot/spring-boot-test/3.3.1/spring-boot-test-3.3.1.jar:/Users/shaikmohammedghousebasha/.m2/repository/org/springframework/boot/spring-boot-test-autoconfigure/3.3.1/spring-boot-test-autoconfigure-3.3.1.jar:/Users/shaikmohammedghousebasha/.m2/repository/com/jayway/jsonpath/json-path/2.9.0/json-path-2.9.0.jar:/Users/shaikmohammedghousebasha/.m2/repository/org/slf4j/slf4j-api/2.0.13/slf4j-api-2.0.13.jar:/Users/shaikmohammedghousebasha/.m2/repository/jakarta/xml/bind/jakarta.xml.bind-api/4.0.2/jakarta.xml.bind-api-4.0.2.jar:/Users/shaikmohammedghousebasha/.m2/repository/jakarta/activation/jakarta.activation-api/2.1.3/jakarta.activation-api-2.1.3.jar:/Users/shaikmohammedghousebasha/.m2/repository/net/minidev/json-smart/2.5.1/json-smart-2.5.1.jar:/Users/shaikmohammedghousebasha/.m2/repository/net/minidev/accessors-smart/2.5.1/accessors-smart-2.5.1.jar:/Users/shaikmohammedghousebasha/.m2/repository/org/ow2/asm/asm/9.6/asm-9.6.jar:/Users/shaikmohammedghousebasha/.m2/repository/org/assertj/assertj-core/3.25.3/assertj-core-3.25.3.jar:/Users/shaikmohammedghousebasha/.m2/repository/net/bytebuddy/byte-buddy/1.14.17/byte-buddy-1.14.17.jar:/Users/shaikmohammedghousebasha/.m2/repository/org/awaitility/awaitility/4.2.1/awaitility-4.2.1.jar:/Users/shaikmohammedghousebasha/.m2/repository/org/hamcrest/hamcrest/2.2/hamcrest-2.2.jar:/Users/shaikmohammedghousebasha/.m2/repository/org/junit/jupiter/junit-jupiter/5.10.2/junit-jupiter-5.10.2.jar:/Users/shaikmohammedghousebasha/.m2/repository/org/junit/jupiter/junit-jupiter-params/5.10.2/junit-jupiter-params-5.10.2.jar:/Users/shaikmohammedghousebasha/.m2/repository/org/mockito/mockito-core/5.11.0/mockito-core-5.11.0.jar:/Users/shaikmohammedghousebasha/.m2/repository/net/bytebuddy/byte-buddy-agent/1.14.17/byte-buddy-agent-1.14.17.jar:/Users/shaikmohammedghousebasha/.m2/repository/org/objenesis/objenesis/3.3/objenesis-3.3.jar:/Users/shaikmohammedghousebasha/.m2/repository/org/mockito/mockito-junit-jupiter/5.11.0/mockito-junit-jupiter-5.11.0.jar:/Users/shaikmohammedghousebasha/.m2/repository/org/skyscreamer/jsonassert/1.5.1/jsonassert-1.5.1.jar:/Users/shaikmohammedghousebasha/.m2/repository/com/vaadin/external/google/android-json/0.0.20131108.vaadin1/android-json-0.0.20131108.vaadin1.jar:/Users/shaikmohammedghousebasha/.m2/repository/org/springframework/spring-core/6.1.10/spring-core-6.1.10.jar:/Users/shaikmohammedghousebasha/.m2/repository/org/springframework/spring-jcl/6.1.10/spring-jcl-6.1.10.jar:/Users/shaikmohammedghousebasha/.m2/repository/org/springframework/spring-test/6.1.10/spring-test-6.1.10.jar:/Users/shaikmohammedghousebasha/.m2/repository/org/xmlunit/xmlunit-core/2.9.1/xmlunit-core-2.9.1.jar:/Users/shaikmohammedghousebasha/.m2/repository/org/jetbrains/kotlin/kotlin-test-junit5/1.9.24/kotlin-test-junit5-1.9.24.jar:/Users/shaikmohammedghousebasha/.m2/repository/org/jetbrains/kotlin/kotlin-test/1.9.24/kotlin-test-1.9.24.jar:/Users/shaikmohammedghousebasha/.m2/repository/org/junit/jupiter/junit-jupiter-api/5.10.2/junit-jupiter-api-5.10.2.jar:/Users/shaikmohammedghousebasha/.m2/repository/org/opentest4j/opentest4j/1.3.0/opentest4j-1.3.0.jar:/Users/shaikmohammedghousebasha/.m2/repository/org/junit/platform/junit-platform-commons/1.10.2/junit-platform-commons-1.10.2.jar:/Users/shaikmohammedghousebasha/.m2/repository/org/apiguardian/apiguardian-api/1.1.2/apiguardian-api-1.1.2.jar:/Users/shaikmohammedghousebasha/.m2/repository/org/junit/jupiter/junit-jupiter-engine/5.10.2/junit-jupiter-engine-5.10.2.jar:/Users/shaikmohammedghousebasha/.m2/repository/org/junit/platform/junit-platform-engine/1.10.2/junit-platform-engine-1.10.2.jar:/Users/shaikmohammedghousebasha/.m2/repository/com/ninja-squad/springmockk/3.1.1/springmockk-3.1.1.jar:/Users/shaikmohammedghousebasha/.m2/repository/io/mockk/mockk/1.12.1/mockk-1.12.1.jar:/Users/shaikmohammedghousebasha/.m2/repository/io/mockk/mockk-dsl-jvm/1.12.1/mockk-dsl-jvm-1.12.1.jar:/Users/shaikmohammedghousebasha/.m2/repository/io/mockk/mockk-dsl/1.12.1/mockk-dsl-1.12.1.jar:/Users/shaikmohammedghousebasha/.m2/repository/io/mockk/mockk-common/1.12.1/mockk-common-1.12.1.jar:/Users/shaikmohammedghousebasha/.m2/repository/io/mockk/mockk-agent-jvm/1.12.1/mockk-agent-jvm-1.12.1.jar:/Users/shaikmohammedghousebasha/.m2/repository/io/mockk/mockk-agent-api/1.12.1/mockk-agent-api-1.12.1.jar:/Users/shaikmohammedghousebasha/.m2/repository/io/mockk/mockk-agent-common/1.12.1/mockk-agent-common-1.12.1.jar:/Users/shaikmohammedghousebasha/.m2/repository/org/jetbrains/kotlin/kotlin-stdlib-jdk8/1.9.24/kotlin-stdlib-jdk8-1.9.24.jar:/Users/shaikmohammedghousebasha/.m2/repository/org/jetbrains/kotlin/kotlin-stdlib-jdk7/1.9.24/kotlin-stdlib-jdk7-1.9.24.jar:/Users/shaikmohammedghousebasha/.m2/repository/org/springframework/spring-context/6.1.10/spring-context-6.1.10.jar:"/>
    <property name="sun.cpu.endian" value="little"/>
    <property name="user.home" value="/Users/shaikmohammedghousebasha"/>
    <property name="user.language" value="en"/>
    <property name="java.specification.vendor" value="Oracle Corporation"/>
    <property name="java.version.date" value="2024-04-16"/>
    <property name="java.home" value="/Users/shaikmohammedghousebasha/Library/Java/JavaVirtualMachines/openjdk-22.0.1/Contents/Home"/>
    <property name="file.separator" value="/"/>
    <property name="basedir" value="/Users/shaikmohammedghousebasha/Documents/Bootcamp/assignment1"/>
    <property name="java.vm.compressedOopsMode" value="Zero based"/>
    <property name="line.separator" value="&#10;"/>
    <property name="java.vm.specification.vendor" value="Oracle Corporation"/>
    <property name="java.specification.name" value="Java Platform API Specification"/>
    <property name="FILE_LOG_CHARSET" value="UTF-8"/>
    <property name="java.awt.headless" value="true"/>
    <property name="apple.awt.application.name" value="ForkedBooter"/>
    <property name="surefire.real.class.path" value="/Users/shaikmohammedghousebasha/Documents/Bootcamp/assignment1/target/surefire/surefirebooter-20240711184130344_3.jar"/>
    <property name="sun.management.compiler" value="HotSpot 64-Bit Tiered Compilers"/>
    <property name="ftp.nonProxyHosts" value="local|*.local|169.254/16|*.169.254/16"/>
    <property name="java.runtime.version" value="22.0.1+8-16"/>
    <property name="user.name" value="shaikmohammedghousebasha"/>
    <property name="stdout.encoding" value="UTF-8"/>
    <property name="path.separator" value=":"/>
    <property name="os.version" value="14.5"/>
    <property name="java.runtime.name" value="OpenJDK Runtime Environment"/>
    <property name="file.encoding" value="UTF-8"/>
    <property name="java.vm.name" value="OpenJDK 64-Bit Server VM"/>
    <property name="localRepository" value="/Users/shaikmohammedghousebasha/.m2/repository"/>
    <property name="java.vendor.url.bug" value="https://bugreport.java.com/bugreport/"/>
    <property name="java.io.tmpdir" value="/var/folders/mv/bxmsjwpd5_93yb5z09hrg3wh0000gp/T/"/>
    <property name="java.version" value="22.0.1"/>
    <property name="user.dir" value="/Users/shaikmohammedghousebasha/Documents/Bootcamp/assignment1"/>
    <property name="os.arch" value="aarch64"/>
    <property name="java.vm.specification.name" value="Java Virtual Machine Specification"/>
    <property name="PID" value="27168"/>
    <property name="CONSOLE_LOG_CHARSET" value="UTF-8"/>
    <property name="native.encoding" value="UTF-8"/>
    <property name="java.library.path" value="/Users/shaikmohammedghousebasha/Library/Java/Extensions:/Library/Java/Extensions:/Network/Library/Java/Extensions:/System/Library/Java/Extensions:/usr/lib/java:."/>
    <property name="java.vm.info" value="mixed mode, sharing"/>
    <property name="stderr.encoding" value="UTF-8"/>
    <property name="java.vendor" value="Oracle Corporation"/>
    <property name="java.vm.version" value="22.0.1+8-16"/>
    <property name="sun.io.unicode.encoding" value="UnicodeBig"/>
    <property name="socksNonProxyHosts" value="local|*.local|169.254/16|*.169.254/16"/>
    <property name="java.class.version" value="66.0"/>
    <property name="LOGGED_APPLICATION_NAME" value="[assignment1] "/>
  </properties>
  <testcase name="contextLoads" classname="com.bootcamp.assignment1.Assignment1ApplicationTests" time="0.103">
    <system-out><![CDATA[18:41:31.472 [main] INFO org.springframework.test.context.support.AnnotationConfigContextLoaderUtils -- Could not detect default configuration classes for test class [com.bootcamp.assignment1.Assignment1ApplicationTests]: Assignment1ApplicationTests does not declare any static, non-private, non-final, nested classes annotated with @Configuration.
18:41:31.525 [main] INFO org.springframework.boot.test.context.SpringBootTestContextBootstrapper -- Found @SpringBootConfiguration com.bootcamp.assignment1.Assignment1Application for test class com.bootcamp.assignment1.Assignment1ApplicationTests
18:41:31.593 [main] INFO org.springframework.boot.devtools.restart.RestartApplicationListener -- Restart disabled due to context in which it is running

  .   ____          _            __ _ _
 /\\ / ___'_ __ _ _(_)_ __  __ _ \ \ \ \
( ( )\___ | '_ | '_| | '_ \/ _` | \ \ \ \
 \\/  ___)| |_)| | | | | || (_| |  ) ) ) )
  '  |____| .__|_| |_|_| |_\__, | / / / /
 =========|_|==============|___/=/_/_/_/

 :: Spring Boot ::                (v3.3.1)

2024-07-11T18:41:31.755+05:30  INFO 27168 --- [assignment1] [           main] c.b.a.Assignment1ApplicationTests        : Starting Assignment1ApplicationTests using Java 22.0.1 with PID 27168 (started by shaikmohammedghousebasha in /Users/shaikmohammedghousebasha/Documents/Bootcamp/assignment1)
2024-07-11T18:41:31.756+05:30  INFO 27168 --- [assignment1] [           main] c.b.a.Assignment1ApplicationTests        : The following 1 profile is active: "prod"
2024-07-11T18:41:32.251+05:30  INFO 27168 --- [assignment1] [           main] c.b.a.Assignment1ApplicationTests        : Started Assignment1ApplicationTests in 0.664 seconds (process running for 1.826)
]]></system-out>
  </testcase>
</testsuite>